simplezxing/build/intermediates/manifest_merge_blame_file/debug/manifest-merger-blame-debug-report.txt
1<?xml version="1.0" encoding="utf-8"?>
2<manifest xmlns:android="http://schemas.android.com/apk/res/android"
3    package="com.acker.simplezxing"
4    android:versionCode="6"
5    android:versionName="1.5" >
6
7    <uses-sdk
8        android:minSdkVersion="15"
8-->src\main\AndroidManifest.xml
9        android:targetSdkVersion="29" />
9-->src\main\AndroidManifest.xml
10
11    <uses-permission android:name="android.permission.CAMERA" />
11-->src\main\AndroidManifest.xml:4:5-65
11-->src\main\AndroidManifest.xml:4:22-62
12    <uses-permission android:name="android.permission.VIBRATE" />
12-->src\main\AndroidManifest.xml:5:5-66
12-->src\main\AndroidManifest.xml:5:22-63
13    <uses-permission android:name="android.permission.FLASHLIGHT" />
13-->src\main\AndroidManifest.xml:6:5-69
13-->src\main\AndroidManifest.xml:6:22-66
14
15    <application
15-->src\main\AndroidManifest.xml:8:5-17:19
16        android:allowBackup="true"
16-->src\main\AndroidManifest.xml:9:9-35
17        android:supportsRtl="true" >
17-->src\main\AndroidManifest.xml:10:9-35
18        <activity
18-->src\main\AndroidManifest.xml:12:9-15:63
19            android:name="com.acker.simplezxing.activity.CaptureActivity"
19-->src\main\AndroidManifest.xml:13:13-53
20            android:theme="@android:style/Theme.NoTitleBar"
20-->src\main\AndroidManifest.xml:14:13-60
21            android:windowSoftInputMode="stateAlwaysHidden" />
21-->src\main\AndroidManifest.xml:15:13-60
22    </application>
23
24</manifest>